[35743] 2024/03/26 20:56:29.729349 [INF] Starting nats-server
[35743] 2024/03/26 20:56:29.729747 [INF]   Version:  2.10.12
[35743] 2024/03/26 20:56:29.729752 [INF]   Git:      [not set]
[35743] 2024/03/26 20:56:29.729755 [INF]   Cluster:  test-nats
[35743] 2024/03/26 20:56:29.729758 [INF]   Name:     NBSLYHDADGSJJHZ7MHH3BDLAJA7S653PTG64LQQPLXPGLCFSXT56CC4X
[35743] 2024/03/26 20:56:29.729769 [INF]   Node:     OZDruQ8l
[35743] 2024/03/26 20:56:29.729787 [INF]   ID:       NBSLYHDADGSJJHZ7MHH3BDLAJA7S653PTG64LQQPLXPGLCFSXT56CC4X
[35743] 2024/03/26 20:56:29.729834 [INF] Using configuration file: /Users/endeharh/nats_server/nats.conf
[35743] 2024/03/26 20:56:29.730758 [INF] Starting JetStream
[35743] 2024/03/26 20:56:29.731335 [INF]     _ ___ _____ ___ _____ ___ ___   _   __  __
[35743] 2024/03/26 20:56:29.731354 [INF]  _ | | __|_   _/ __|_   _| _ \ __| /_\ |  \/  |
[35743] 2024/03/26 20:56:29.731357 [INF] | || | _|  | | \__ \ | | |   / _| / _ \| |\/| |
[35743] 2024/03/26 20:56:29.731362 [INF]  \__/|___| |_| |___/ |_| |_|_\___/_/ \_\_|  |_|
[35743] 2024/03/26 20:56:29.731364 [INF] 
[35743] 2024/03/26 20:56:29.731367 [INF]          https://docs.nats.io/jetstream
[35743] 2024/03/26 20:56:29.731369 [INF] 
[35743] 2024/03/26 20:56:29.731371 [INF] ---------------- JETSTREAM ----------------
[35743] 2024/03/26 20:56:29.731376 [INF]   Max Memory:      24.00 GB
[35743] 2024/03/26 20:56:29.731379 [INF]   Max Storage:     1.66 GB
[35743] 2024/03/26 20:56:29.731382 [INF]   Store Directory: "/Users/endeharh/nats_server/jetstream"
[35743] 2024/03/26 20:56:29.731384 [INF] -------------------------------------------
[35743] 2024/03/26 20:56:29.732249 [INF] Listening for client connections on 0.0.0.0:4222
[35743] 2024/03/26 20:56:29.732451 [INF] Server is ready
